INFO  [main] 2020-05-25 00:03:34,000 YamlConfigurationLoader.java:89 - Configuration location: file:/Users/xuhao3/UDACITY/Data_engineering_ND/apache-cassandra-3.11.6/conf/cassandra.yaml
INFO  [main] 2020-05-25 00:03:38,589 Config.java:516 - Node configuration:[allocate_tokens_for_keyspace=null; authenticator=AllowAllAuthenticator; authorizer=AllowAllAuthorizer; auto_bootstrap=true; auto_snapshot=true; back_pressure_enabled=false; back_pressure_strategy=org.apache.cassandra.net.RateBasedBackPressure{high_ratio=0.9, factor=5, flow=FAST}; batch_size_fail_threshold_in_kb=50; batch_size_warn_threshold_in_kb=5; batchlog_replay_throttle_in_kb=1024; broadcast_address=null; broadcast_rpc_address=null; buffer_pool_use_heap_if_exhausted=true; cas_contention_timeout_in_ms=1000; cdc_enabled=false; cdc_free_space_check_interval_ms=250; cdc_raw_directory=null; cdc_total_space_in_mb=0; client_encryption_options=<REDACTED>; cluster_name=Test Cluster; column_index_cache_size_in_kb=2; column_index_size_in_kb=64; commit_failure_policy=stop; commitlog_compression=null; commitlog_directory=null; commitlog_max_compression_buffers_in_pool=3; commitlog_periodic_queue_size=-1; commitlog_segment_size_in_mb=32; commitlog_sync=periodic; commitlog_sync_batch_window_in_ms=NaN; commitlog_sync_period_in_ms=10000; commitlog_total_space_in_mb=null; compaction_large_partition_warning_threshold_mb=100; compaction_throughput_mb_per_sec=16; concurrent_compactors=null; concurrent_counter_writes=32; concurrent_materialized_view_writes=32; concurrent_reads=32; concurrent_replicates=null; concurrent_writes=32; counter_cache_keys_to_save=2147483647; counter_cache_save_period=7200; counter_cache_size_in_mb=null; counter_write_request_timeout_in_ms=5000; credentials_cache_max_entries=1000; credentials_update_interval_in_ms=-1; credentials_validity_in_ms=2000; cross_node_timeout=false; data_file_directories=[Ljava.lang.String;@2133814f; disk_access_mode=auto; disk_failure_policy=stop; disk_optimization_estimate_percentile=0.95; disk_optimization_page_cross_chance=0.1; disk_optimization_strategy=ssd; dynamic_snitch=true; dynamic_snitch_badness_threshold=0.1; dynamic_snitch_reset_interval_in_ms=600000; dynamic_snitch_update_interval_in_ms=100; enable_materialized_views=true; enable_sasi_indexes=true; enable_scripted_user_defined_functions=false; enable_user_defined_functions=false; enable_user_defined_functions_threads=true; encryption_options=null; endpoint_snitch=SimpleSnitch; file_cache_round_up=null; file_cache_size_in_mb=null; gc_log_threshold_in_ms=200; gc_warn_threshold_in_ms=1000; hinted_handoff_disabled_datacenters=[]; hinted_handoff_enabled=true; hinted_handoff_throttle_in_kb=1024; hints_compression=null; hints_directory=null; hints_flush_period_in_ms=10000; incremental_backups=false; index_interval=null; index_summary_capacity_in_mb=null; index_summary_resize_interval_in_minutes=60; initial_token=null; inter_dc_stream_throughput_outbound_megabits_per_sec=200; inter_dc_tcp_nodelay=false; internode_authenticator=null; internode_compression=dc; internode_recv_buff_size_in_bytes=0; internode_send_buff_size_in_bytes=0; key_cache_keys_to_save=2147483647; key_cache_save_period=14400; key_cache_size_in_mb=null; listen_address=localhost; listen_interface=null; listen_interface_prefer_ipv6=false; listen_on_broadcast_address=false; max_hint_window_in_ms=10800000; max_hints_delivery_threads=2; max_hints_file_size_in_mb=128; max_mutation_size_in_kb=null; max_streaming_retries=3; max_value_size_in_mb=256; memtable_allocation_type=heap_buffers; memtable_cleanup_threshold=null; memtable_flush_writers=0; memtable_heap_space_in_mb=null; memtable_offheap_space_in_mb=null; min_free_space_per_drive_in_mb=50; native_transport_flush_in_batches_legacy=true; native_transport_max_concurrent_connections=-1; native_transport_max_concurrent_connections_per_ip=-1; native_transport_max_concurrent_requests_in_bytes=-1; native_transport_max_concurrent_requests_in_bytes_per_ip=-1; native_transport_max_frame_size_in_mb=256; native_transport_max_negotiable_protocol_version=-2147483648; native_transport_max_threads=128; native_transport_port=9042; native_transport_port_ssl=null; num_tokens=256; otc_backlog_expiration_interval_ms=200; otc_coalescing_enough_coalesced_messages=8; otc_coalescing_strategy=DISABLED; otc_coalescing_window_us=200; partitioner=org.apache.cassandra.dht.Murmur3Partitioner; permissions_cache_max_entries=1000; permissions_update_interval_in_ms=-1; permissions_validity_in_ms=2000; phi_convict_threshold=8.0; prepared_statements_cache_size_mb=null; range_request_timeout_in_ms=10000; read_request_timeout_in_ms=5000; repair_session_max_tree_depth=18; request_scheduler=org.apache.cassandra.scheduler.NoScheduler; request_scheduler_id=null; request_scheduler_options=null; request_timeout_in_ms=10000; role_manager=CassandraRoleManager; roles_cache_max_entries=1000; roles_update_interval_in_ms=-1; roles_validity_in_ms=2000; row_cache_class_name=org.apache.cassandra.cache.OHCProvider; row_cache_keys_to_save=2147483647; row_cache_save_period=0; row_cache_size_in_mb=0; rpc_address=localhost; rpc_interface=null; rpc_interface_prefer_ipv6=false; rpc_keepalive=true; rpc_listen_backlog=50; rpc_max_threads=2147483647; rpc_min_threads=16; rpc_port=9160; rpc_recv_buff_size_in_bytes=null; rpc_send_buff_size_in_bytes=null; rpc_server_type=sync; saved_caches_directory=null; seed_provider=org.apache.cassandra.locator.SimpleSeedProvider{seeds=127.0.0.1}; server_encryption_options=<REDACTED>; slow_query_log_timeout_in_ms=500; snapshot_before_compaction=false; ssl_storage_port=7001; sstable_preemptive_open_interval_in_mb=50; start_native_transport=true; start_rpc=false; storage_port=7000; stream_throughput_outbound_megabits_per_sec=200; streaming_keep_alive_period_in_secs=300; streaming_socket_timeout_in_ms=86400000; thrift_framed_transport_size_in_mb=15; thrift_max_message_length_in_mb=16; thrift_prepared_statements_cache_size_mb=null; tombstone_failure_threshold=100000; tombstone_warn_threshold=1000; tracetype_query_ttl=86400; tracetype_repair_ttl=604800; transparent_data_encryption_options=org.apache.cassandra.config.TransparentDataEncryptionOptions@4c15e7fd; trickle_fsync=false; trickle_fsync_interval_in_kb=10240; truncate_request_timeout_in_ms=60000; unlogged_batch_across_partitions_warn_threshold=10; user_defined_function_fail_timeout=1500; user_defined_function_warn_timeout=500; user_function_timeout_policy=die; windows_timer_interval=1; write_request_timeout_in_ms=2000]
INFO  [main] 2020-05-25 00:03:38,590 DatabaseDescriptor.java:381 - DiskAccessMode 'auto' determined to be mmap, indexAccessMode is mmap
INFO  [main] 2020-05-25 00:03:38,590 DatabaseDescriptor.java:439 - Global memtable on-heap threshold is enabled at 502MB
INFO  [main] 2020-05-25 00:03:38,591 DatabaseDescriptor.java:443 - Global memtable off-heap threshold is enabled at 502MB
INFO  [main] 2020-05-25 00:03:39,355 RateBasedBackPressure.java:123 - Initialized back-pressure with high ratio: 0.9, factor: 5, flow: FAST, window size: 2000.
INFO  [main] 2020-05-25 00:03:39,356 DatabaseDescriptor.java:773 - Back-pressure is disabled with strategy org.apache.cassandra.net.RateBasedBackPressure{high_ratio=0.9, factor=5, flow=FAST}.
INFO  [main] 2020-05-25 00:03:41,361 JMXServerUtils.java:246 - Configured JMX server at: service:jmx:rmi://127.0.0.1/jndi/rmi://127.0.0.1:7199/jmxrmi
INFO  [main] 2020-05-25 00:03:41,367 CassandraDaemon.java:489 - Hostname: xuhaodeiMac.local
INFO  [main] 2020-05-25 00:03:41,368 CassandraDaemon.java:496 - JVM vendor/version: Java HotSpot(TM) 64-Bit Server VM/1.8.0_251
INFO  [main] 2020-05-25 00:03:41,383 CassandraDaemon.java:497 - Heap size: 1.961GiB/1.961GiB
INFO  [main] 2020-05-25 00:03:41,384 CassandraDaemon.java:502 - Code Cache Non-heap memory: init = 2555904(2496K) used = 5073856(4954K) committed = 5111808(4992K) max = 251658240(245760K)
INFO  [main] 2020-05-25 00:03:41,385 CassandraDaemon.java:502 - Metaspace Non-heap memory: init = 0(0K) used = 19416176(18961K) committed = 19922944(19456K) max = -1(-1K)
INFO  [main] 2020-05-25 00:03:41,385 CassandraDaemon.java:502 - Compressed Class Space Non-heap memory: init = 0(0K) used = 2398608(2342K) committed = 2621440(2560K) max = 1073741824(1048576K)
INFO  [main] 2020-05-25 00:03:41,385 CassandraDaemon.java:502 - Par Eden Space Heap memory: init = 335544320(327680K) used = 127508008(124519K) committed = 335544320(327680K) max = 335544320(327680K)
INFO  [main] 2020-05-25 00:03:41,385 CassandraDaemon.java:502 - Par Survivor Space Heap memory: init = 41943040(40960K) used = 0(0K) committed = 41943040(40960K) max = 41943040(40960K)
INFO  [main] 2020-05-25 00:03:41,386 CassandraDaemon.java:502 - CMS Old Gen Heap memory: init = 1728053248(1687552K) used = 0(0K) committed = 1728053248(1687552K) max = 1728053248(1687552K)
INFO  [main] 2020-05-25 00:03:41,386 CassandraDaemon.java:504 - Classpath: bin/../conf:bin/../build/classes/main:bin/../build/classes/thrift:bin/../lib/HdrHistogram-2.1.9.jar:bin/../lib/ST4-4.0.8.jar:bin/../lib/airline-0.6.jar:bin/../lib/antlr-runtime-3.5.2.jar:bin/../lib/apache-cassandra-3.11.6.jar:bin/../lib/apache-cassandra-thrift-3.11.6.jar:bin/../lib/asm-5.0.4.jar:bin/../lib/caffeine-2.2.6.jar:bin/../lib/cassandra-driver-core-3.0.1-shaded.jar:bin/../lib/commons-cli-1.1.jar:bin/../lib/commons-codec-1.9.jar:bin/../lib/commons-lang3-3.1.jar:bin/../lib/commons-math3-3.2.jar:bin/../lib/compress-lzf-0.8.4.jar:bin/../lib/concurrent-trees-2.4.0.jar:bin/../lib/concurrentlinkedhashmap-lru-1.4.jar:bin/../lib/disruptor-3.0.1.jar:bin/../lib/ecj-4.4.2.jar:bin/../lib/guava-18.0.jar:bin/../lib/high-scale-lib-1.0.6.jar:bin/../lib/hppc-0.5.4.jar:bin/../lib/jackson-core-asl-1.9.13.jar:bin/../lib/jackson-mapper-asl-1.9.13.jar:bin/../lib/jamm-0.3.0.jar:bin/../lib/javax.inject.jar:bin/../lib/jbcrypt-0.3m.jar:bin/../lib/jcl-over-slf4j-1.7.7.jar:bin/../lib/jctools-core-1.2.1.jar:bin/../lib/jflex-1.6.0.jar:bin/../lib/jna-4.2.2.jar:bin/../lib/joda-time-2.4.jar:bin/../lib/json-simple-1.1.jar:bin/../lib/jstackjunit-0.0.1.jar:bin/../lib/libthrift-0.9.2.jar:bin/../lib/log4j-over-slf4j-1.7.7.jar:bin/../lib/logback-classic-1.1.3.jar:bin/../lib/logback-core-1.1.3.jar:bin/../lib/lz4-1.3.0.jar:bin/../lib/metrics-core-3.1.5.jar:bin/../lib/metrics-jvm-3.1.5.jar:bin/../lib/metrics-logback-3.1.5.jar:bin/../lib/netty-all-4.0.44.Final.jar:bin/../lib/ohc-core-0.4.4.jar:bin/../lib/ohc-core-j8-0.4.4.jar:bin/../lib/reporter-config-base-3.0.3.jar:bin/../lib/reporter-config3-3.0.3.jar:bin/../lib/sigar-1.6.4.jar:bin/../lib/slf4j-api-1.7.7.jar:bin/../lib/snakeyaml-1.11.jar:bin/../lib/snappy-java-1.1.1.7.jar:bin/../lib/snowball-stemmer-1.3.0.581.1.jar:bin/../lib/stream-2.5.2.jar:bin/../lib/thrift-server-0.3.7.jar:bin/../lib/jsr223/*/*.jar:bin/../lib/jamm-0.3.0.jar
INFO  [main] 2020-05-25 00:03:41,387 CassandraDaemon.java:506 - JVM Arguments: [-Xloggc:bin/../logs/gc.log, -ea, -XX:+UseThreadPriorities, -XX:ThreadPriorityPolicy=42, -XX:+HeapDumpOnOutOfMemoryError, -Xss256k, -XX:StringTableSize=1000003, -XX:+AlwaysPreTouch, -XX:-UseBiasedLocking, -XX:+UseTLAB, -XX:+ResizeTLAB, -XX:+UseNUMA, -XX:+PerfDisableSharedMem, -Djava.net.preferIPv4Stack=true, -XX:+UseParNewGC, -XX:+UseConcMarkSweepGC, -XX:+CMSParallelRemarkEnabled, -XX:SurvivorRatio=8, -XX:MaxTenuringThreshold=1, -XX:CMSInitiatingOccupancyFraction=75, -XX:+UseCMSInitiatingOccupancyOnly, -XX:CMSWaitDuration=10000, -XX:+CMSParallelInitialMarkEnabled, -XX:+CMSEdenChunksRecordAlways, -XX:+CMSClassUnloadingEnabled, -XX:+PrintGCDetails, -XX:+PrintGCDateStamps, -XX:+PrintHeapAtGC, -XX:+PrintTenuringDistribution, -XX:+PrintGCApplicationStoppedTime, -XX:+PrintPromotionFailure, -XX:+UseGCLogFileRotation, -XX:NumberOfGCLogFiles=10, -XX:GCLogFileSize=10M, -Xms2048M, -Xmx2048M, -Xmn400M, -XX:+UseCondCardMark, -XX:CompileCommandFile=bin/../conf/hotspot_compiler, -javaagent:bin/../lib/jamm-0.3.0.jar, -Dcassandra.jmx.local.port=7199, -Dcom.sun.management.jmxremote.authenticate=false, -Dcom.sun.management.jmxremote.password.file=/etc/cassandra/jmxremote.password, -Djava.library.path=bin/../lib/sigar-bin, -XX:OnOutOfMemoryError=kill -9 %p, -Dlogback.configurationFile=logback.xml, -Dcassandra.logdir=bin/../logs, -Dcassandra.storagedir=bin/../data]
WARN  [main] 2020-05-25 00:03:41,652 StartupChecks.java:136 - jemalloc shared library could not be preloaded to speed up memory allocations
WARN  [main] 2020-05-25 00:03:41,652 StartupChecks.java:169 - JMX is not enabled to receive remote connections. Please see cassandra-env.sh for more info.
INFO  [main] 2020-05-25 00:03:41,655 SigarLibrary.java:44 - Initializing SIGAR library
WARN  [main] 2020-05-25 00:03:41,984 SigarLibrary.java:174 - Cassandra server running in degraded mode. Is swap disabled? : false,  Address space adequate? : false,  nofile limit adequate? : true, nproc limit adequate? : false 
WARN  [main] 2020-05-25 00:03:41,997 StartupChecks.java:332 - Directory bin/../data/data doesn't exist
WARN  [main] 2020-05-25 00:03:42,003 StartupChecks.java:332 - Directory bin/../data/commitlog doesn't exist
WARN  [main] 2020-05-25 00:03:42,004 StartupChecks.java:332 - Directory bin/../data/saved_caches doesn't exist
WARN  [main] 2020-05-25 00:03:42,004 StartupChecks.java:332 - Directory /Users/xuhao3/UDACITY/Data_engineering_ND/apache-cassandra-3.11.6/bin/../data/hints doesn't exist
INFO  [main] 2020-05-25 00:03:42,262 QueryProcessor.java:116 - Initialized prepared statement caches with 10 MB (native) and 10 MB (Thrift)
INFO  [main] 2020-05-25 00:03:43,495 ColumnFamilyStore.java:427 - Initializing system.IndexInfo
INFO  [main] 2020-05-25 00:03:45,131 ColumnFamilyStore.java:427 - Initializing system.batches
INFO  [main] 2020-05-25 00:03:45,138 ColumnFamilyStore.java:427 - Initializing system.paxos
INFO  [main] 2020-05-25 00:03:45,148 ColumnFamilyStore.java:427 - Initializing system.local
INFO  [main] 2020-05-25 00:03:45,154 ColumnFamilyStore.java:427 - Initializing system.peers
INFO  [main] 2020-05-25 00:03:45,160 ColumnFamilyStore.java:427 - Initializing system.peer_events
INFO  [main] 2020-05-25 00:03:45,169 ColumnFamilyStore.java:427 - Initializing system.range_xfers
INFO  [main] 2020-05-25 00:03:45,193 ColumnFamilyStore.java:427 - Initializing system.compaction_history
INFO  [main] 2020-05-25 00:03:45,199 ColumnFamilyStore.java:427 - Initializing system.sstable_activity
INFO  [main] 2020-05-25 00:03:45,209 ColumnFamilyStore.java:427 - Initializing system.size_estimates
INFO  [main] 2020-05-25 00:03:45,215 ColumnFamilyStore.java:427 - Initializing system.available_ranges
INFO  [main] 2020-05-25 00:03:45,223 ColumnFamilyStore.java:427 - Initializing system.transferred_ranges
INFO  [main] 2020-05-25 00:03:45,230 ColumnFamilyStore.java:427 - Initializing system.views_builds_in_progress
INFO  [main] 2020-05-25 00:03:45,236 ColumnFamilyStore.java:427 - Initializing system.built_views
INFO  [main] 2020-05-25 00:03:45,242 ColumnFamilyStore.java:427 - Initializing system.hints
INFO  [main] 2020-05-25 00:03:45,248 ColumnFamilyStore.java:427 - Initializing system.batchlog
INFO  [main] 2020-05-25 00:03:45,253 ColumnFamilyStore.java:427 - Initializing system.prepared_statements
INFO  [main] 2020-05-25 00:03:45,257 ColumnFamilyStore.java:427 - Initializing system.schema_keyspaces
INFO  [main] 2020-05-25 00:03:45,261 ColumnFamilyStore.java:427 - Initializing system.schema_columnfamilies
INFO  [main] 2020-05-25 00:03:45,265 ColumnFamilyStore.java:427 - Initializing system.schema_columns
INFO  [main] 2020-05-25 00:03:45,270 ColumnFamilyStore.java:427 - Initializing system.schema_triggers
INFO  [main] 2020-05-25 00:03:45,274 ColumnFamilyStore.java:427 - Initializing system.schema_usertypes
INFO  [main] 2020-05-25 00:03:45,278 ColumnFamilyStore.java:427 - Initializing system.schema_functions
INFO  [main] 2020-05-25 00:03:45,282 ColumnFamilyStore.java:427 - Initializing system.schema_aggregates
INFO  [main] 2020-05-25 00:03:45,284 ViewManager.java:137 - Not submitting build tasks for views in keyspace system as storage service is not initialized
INFO  [main] 2020-05-25 00:03:45,387 ApproximateTime.java:44 - Scheduling approximate time-check task with a precision of 10 milliseconds
INFO  [main] 2020-05-25 00:03:45,422 ColumnFamilyStore.java:427 - Initializing system_schema.keyspaces
INFO  [main] 2020-05-25 00:03:45,426 ColumnFamilyStore.java:427 - Initializing system_schema.tables
INFO  [main] 2020-05-25 00:03:45,431 ColumnFamilyStore.java:427 - Initializing system_schema.columns
INFO  [main] 2020-05-25 00:03:45,435 ColumnFamilyStore.java:427 - Initializing system_schema.triggers
INFO  [main] 2020-05-25 00:03:45,440 ColumnFamilyStore.java:427 - Initializing system_schema.dropped_columns
INFO  [main] 2020-05-25 00:03:45,445 ColumnFamilyStore.java:427 - Initializing system_schema.views
INFO  [main] 2020-05-25 00:03:45,450 ColumnFamilyStore.java:427 - Initializing system_schema.types
INFO  [main] 2020-05-25 00:03:45,455 ColumnFamilyStore.java:427 - Initializing system_schema.functions
INFO  [main] 2020-05-25 00:03:45,460 ColumnFamilyStore.java:427 - Initializing system_schema.aggregates
INFO  [main] 2020-05-25 00:03:45,465 ColumnFamilyStore.java:427 - Initializing system_schema.indexes
INFO  [main] 2020-05-25 00:03:45,468 ViewManager.java:137 - Not submitting build tasks for views in keyspace system_schema as storage service is not initialized
INFO  [MemtableFlushWriter:1] 2020-05-25 00:03:46,558 CacheService.java:100 - Initializing key cache with capacity of 100 MBs.
INFO  [MemtableFlushWriter:1] 2020-05-25 00:03:46,566 CacheService.java:122 - Initializing row cache with capacity of 0 MBs
INFO  [MemtableFlushWriter:1] 2020-05-25 00:03:46,568 CacheService.java:151 - Initializing counter cache with capacity of 50 MBs
INFO  [MemtableFlushWriter:1] 2020-05-25 00:03:46,569 CacheService.java:162 - Scheduling counter cache save to every 7200 seconds (going to save all keys).
INFO  [CompactionExecutor:2] 2020-05-25 00:03:46,834 BufferPool.java:234 - Global buffer pool is enabled, when pool is exhausted (max is 502.000MiB) it will allocate on heap
INFO  [main] 2020-05-25 00:03:46,951 StorageService.java:639 - Populating token metadata from system tables
INFO  [main] 2020-05-25 00:03:46,982 StorageService.java:646 - Token metadata: 
INFO  [main] 2020-05-25 00:03:47,012 AutoSavingCache.java:174 - Completed loading (1 ms; 4 keys) KeyCache cache
INFO  [main] 2020-05-25 00:03:47,142 CommitLog.java:142 - No commitlog files found; skipping replay
INFO  [main] 2020-05-25 00:03:47,143 StorageService.java:639 - Populating token metadata from system tables
INFO  [main] 2020-05-25 00:03:47,158 StorageService.java:646 - Token metadata: 
INFO  [main] 2020-05-25 00:03:47,243 QueryProcessor.java:163 - Preloaded 0 prepared statements
INFO  [main] 2020-05-25 00:03:47,244 StorageService.java:657 - Cassandra version: 3.11.6
INFO  [main] 2020-05-25 00:03:47,244 StorageService.java:658 - Thrift API version: 20.1.0
INFO  [main] 2020-05-25 00:03:47,245 StorageService.java:659 - CQL supported versions: 3.4.4 (default: 3.4.4)
INFO  [main] 2020-05-25 00:03:47,245 StorageService.java:661 - Native protocol supported versions: 3/v3, 4/v4, 5/v5-beta (default: 4/v4)
INFO  [main] 2020-05-25 00:03:47,280 IndexSummaryManager.java:87 - Initializing index summary manager with a memory pool size of 100 MB and a resize interval of 60 minutes
INFO  [main] 2020-05-25 00:03:47,621 MessagingService.java:750 - Starting Messaging Service on localhost/127.0.0.1:7000 (lo0)
WARN  [main] 2020-05-25 00:03:47,641 SystemKeyspace.java:1130 - No host ID found, created 83e2cde2-2acb-43bd-a767-0ea1af407a5a (Note: This should happen exactly once per node).
INFO  [main] 2020-05-25 00:03:47,650 StorageService.java:589 - Unable to gossip with any peers but continuing anyway since node is in its own seed list
INFO  [main] 2020-05-25 00:03:47,663 StorageService.java:743 - Loading persisted ring state
INFO  [main] 2020-05-25 00:03:47,664 StorageService.java:871 - Starting up server gossip
INFO  [main] 2020-05-25 00:03:47,717 StorageService.java:933 - This node will not auto bootstrap because it is configured to be a seed node.
INFO  [main] 2020-05-25 00:03:47,725 BootStrapper.java:228 - Generated random tokens. tokens are [2072765027364170984, 1644731334122666474, -5857190328965833474, 7632716187501233768, 5871290754287467760, 4621339394022141615, 7301390920655982322, 6354881168871946384, -2596393303603252117, 2616845584844724687, 780657020717735658, -3038817948169480030, 178030960766837204, -7485691746958440067, -928968662652575753, -5891414462216316128, -7080403971222956167, 3562893380379804127, 5403895218757652902, -4132228650165715628, 2900649038295532851, -7897366312775922522, -1064131553492517064, 3016546468946802411, -4472248021435316438, 3180409404785693967, -4378887579419236690, -4634602966270328654, 5702670729409869511, -8752698239322404726, 6864380251795775767, -3922546892912327040, -776694177450261415, 5758202908245565472, -88074436332567869, -1335953443067099709, 8360452931142662108, 1112435535078721268, -7907024342941387834, 1384417329027040480, 8306113531437388925, 7761165951971836581, 2881267817705068378, 3662935827262715663, -919207734492026637, 3946396897430468524, 109152936490612291, 3070425604543100215, 4035614032753463610, 8604347592559060458, 3164621417654135850, -2436568171199579440, -8240708649161035335, 1448732341186253572, -5349407918719963551, -6854728978508519806, 1471213203346604767, -6537506239129038688, -2601115398751605848, 5065341426783512185, 2334987314968530376, 5099226726873635209, -3021695032754627602, -3800679965220236699, 5340051655527051735, -8566934772994512384, 530742473963262332, 9021652671417412651, 3424527330310415531, -5981955057364320581, 3890963801540521751, 1899682910483290688, -2989443220442145204, -6284493157178775487, 8887125677383866085, 818472283635973441, -3772576315244547827, 6579157534626799064, -6633559496113518023, -8087992393545429486, 1188744298460334107, 2547335594193518655, 8062623041535319360, 8491775974320395201, -7417802505571811511, -3712760982186391578, -3313876819187764043, 2330422293239152399, 193724459737456599, -4157379057374942755, 5965560714504800214, 3252398426450900594, 7987799197493093048, 8831211635876428509, 3839662874114423884, -4357174070496391280, 2779815159741772992, -9157314438391261153, -8495290485859066359, -8085840853515343773, -7379756246764451553, 1332890048799449006, -2987388615857687988, 8680911934557875250, -7786488380117512601, -3761757413214971245, 2735821126242878843, -5652380964047304494, 5686506054029249185, -7390801679809721587, 6929513347809167113, -1709991144504178069, -5144115757074206836, -7339069031699580878, 6798667800311003029, 6561934381477168186, -6185677471727699130, -950301486022213122, 1587559008167051702, -3900599234115175956, -3310706401461203542, -2231452564469013008, -921827488969685191, 7894608841766999630, -1171032798999978963, 8678176279321413397, -5660655874550208338, 601665149529653116, -957944937403796946, -2887739839778610349, -4142381514617196682, 4633816823869626486, 1394418478072381388, -3755002749149169087, 1921336263271391472, -4465074867419768622, 7312484660746998022, -6011905898696941614, -4285905569959064177, -6261405160994334415, 7277287830469263364, 2659544629413329415, -2090827090881049277, 7057083214253312760, -8318636013526704443, -2111682405889794071, -5417647810603450059, 3965818242569752245, -1232490872348508924, 2574500170570208200, -6125871102973477354, -5952271677821506827, 5038212739629243237, -2727083349932300964, 7504650871183826710, 2082944952993746257, 5751631304327217070, 7418392618461800626, 2673513757898750828, 2134401839813916159, -8604132143827110889, -6788046915610408047, -1994674200402049254, -2061025699216878821, -4834271234391734684, -2778187713438879803, 8042461111435973125, 2459500603591813185, -2669245408685971919, -5869050873243874018, -1808029201977219568, -566163615765783568, 5028938445297293622, 1079926093716567857, -1691173016463720692, -2351638410963830467, 1868258979228542591, 7555003053591749831, -7622584257872467387, 7582618346029115670, -5296794518300445683, 2775916185638277590, 5470039053069724834, 1735833885215843248, 6201343450331887433, 4049355202581340010, 4401594108693205235, -2774279241899897451, 6958898777810527178, -4589256423716613276, 6171412755174614893, -2400313917178494171, 5208127460951359331, 562343969667424517, -7316762719422375959, 8348055391217215672, -4801533404387752361, -7786841586233283335, -4404359077070628285, -5836871033634497113, -531159290606026748, 5481845182608043951, -7306944009857522459, 7127668111415896259, -3795352871578154959, -7127518876450091366, 7543990613373104296, 4054097539943515386, 8431165589158010544, 4460748423642672366, 6014857052377213896, -1050150351625095807, -4507963871897160407, 1460229461082902908, -7733910559848468532, 5886073255570912321, 6904507564550288753, -617223516056027960, -702272600524201114, 4610189487969953548, -4698212461945094727, 1060953765620022329, 8232138724795386927, 119947633248692942, 5044290385530384301, 6611481843337752287, 2225013640837457344, 8315831496160303317, -8718437122528716680, 6800139913912809247, -2869151004428372565, -6837395608276470790, -477253427983183101, -7908110673940396053, 5481387710937238084, 5371744892548640434, 3823450003344883330, 4046902093201332216, 1547824212524863237, 3375599878368204494, -4275065851095580413, 2428677715940419420, 5467922702503849649, -2239905734790571546, 4301824188470348268, 8801513816977634112, 2422560556607563515, 1781742456558509665, 8004258103478435053, -6848106728790802874, 7390589269500632013, 62293742523213353, -4278836459864933810, 8792122661000987045, 2092192007595688408, 3039459833731834345]
INFO  [MigrationStage:1] 2020-05-25 00:03:47,974 ViewManager.java:137 - Not submitting build tasks for views in keyspace system_traces as storage service is not initialized
INFO  [MigrationStage:1] 2020-05-25 00:03:47,977 ColumnFamilyStore.java:427 - Initializing system_traces.events
INFO  [MigrationStage:1] 2020-05-25 00:03:47,982 ColumnFamilyStore.java:427 - Initializing system_traces.sessions
INFO  [MigrationStage:1] 2020-05-25 00:03:48,031 ViewManager.java:137 - Not submitting build tasks for views in keyspace system_distributed as storage service is not initialized
INFO  [MigrationStage:1] 2020-05-25 00:03:48,034 ColumnFamilyStore.java:427 - Initializing system_distributed.parent_repair_history
INFO  [MigrationStage:1] 2020-05-25 00:03:48,038 ColumnFamilyStore.java:427 - Initializing system_distributed.repair_history
INFO  [MigrationStage:1] 2020-05-25 00:03:48,043 ColumnFamilyStore.java:427 - Initializing system_distributed.view_build_status
INFO  [MigrationStage:1] 2020-05-25 00:03:48,045 ViewManager.java:137 - Not submitting build tasks for views in keyspace system_auth as storage service is not initialized
INFO  [MigrationStage:1] 2020-05-25 00:03:48,048 ColumnFamilyStore.java:427 - Initializing system_auth.resource_role_permissons_index
INFO  [MigrationStage:1] 2020-05-25 00:03:48,052 ColumnFamilyStore.java:427 - Initializing system_auth.role_members
INFO  [MigrationStage:1] 2020-05-25 00:03:48,056 ColumnFamilyStore.java:427 - Initializing system_auth.role_permissions
INFO  [MigrationStage:1] 2020-05-25 00:03:48,061 ColumnFamilyStore.java:427 - Initializing system_auth.roles
INFO  [main] 2020-05-25 00:03:48,081 StorageService.java:1478 - JOINING: Finish joining ring
INFO  [main] 2020-05-25 00:03:48,679 NativeTransportService.java:73 - Netty using Java NIO event loop
INFO  [main] 2020-05-25 00:03:48,820 Server.java:158 - Using Netty Version: [netty-buffer=netty-buffer-4.0.44.Final.452812a, netty-codec=netty-codec-4.0.44.Final.452812a, netty-codec-haproxy=netty-codec-haproxy-4.0.44.Final.452812a, netty-codec-http=netty-codec-http-4.0.44.Final.452812a, netty-codec-socks=netty-codec-socks-4.0.44.Final.452812a, netty-common=netty-common-4.0.44.Final.452812a, netty-handler=netty-handler-4.0.44.Final.452812a, netty-tcnative=netty-tcnative-1.1.33.Fork26.142ecbb, netty-transport=netty-transport-4.0.44.Final.452812a, netty-transport-native-epoll=netty-transport-native-epoll-4.0.44.Final.452812a, netty-transport-rxtx=netty-transport-rxtx-4.0.44.Final.452812a, netty-transport-sctp=netty-transport-sctp-4.0.44.Final.452812a, netty-transport-udt=netty-transport-udt-4.0.44.Final.452812a]
INFO  [main] 2020-05-25 00:03:48,821 Server.java:159 - Starting listening for CQL clients on localhost/127.0.0.1:9042 (unencrypted)...
INFO  [main] 2020-05-25 00:03:48,951 CassandraDaemon.java:556 - Not starting RPC server as requested. Use JMX (StorageService->startRPCServer()) or nodetool (enablethrift) to start it
INFO  [OptionalTasks:1] 2020-05-25 00:03:58,379 CassandraRoleManager.java:372 - Created default superuser role 'cassandra'
INFO  [IndexSummaryManager:1] 2020-05-25 01:39:26,178 IndexSummaryRedistribution.java:78 - Redistributing index summaries
INFO  [IndexSummaryManager:1] 2020-05-25 02:39:26,155 IndexSummaryRedistribution.java:78 - Redistributing index summaries
INFO  [IndexSummaryManager:1] 2020-05-25 03:39:26,131 IndexSummaryRedistribution.java:78 - Redistributing index summaries
INFO  [CompactionExecutor:87] 2020-05-25 04:39:25,371 AutoSavingCache.java:395 - Saved KeyCache (11 items) in 4 ms
INFO  [IndexSummaryManager:1] 2020-05-25 04:39:26,110 IndexSummaryRedistribution.java:78 - Redistributing index summaries
INFO  [IndexSummaryManager:1] 2020-05-25 05:39:26,091 IndexSummaryRedistribution.java:78 - Redistributing index summaries
INFO  [IndexSummaryManager:1] 2020-05-25 06:39:26,058 IndexSummaryRedistribution.java:78 - Redistributing index summaries
INFO  [IndexSummaryManager:1] 2020-05-25 07:39:26,034 IndexSummaryRedistribution.java:78 - Redistributing index summaries
INFO  [CompactionExecutor:178] 2020-05-25 08:39:25,238 AutoSavingCache.java:395 - Saved KeyCache (12 items) in 6 ms
INFO  [IndexSummaryManager:1] 2020-05-25 08:39:26,010 IndexSummaryRedistribution.java:78 - Redistributing index summaries
INFO  [Native-Transport-Requests-1] 2020-05-25 09:36:10,960 MigrationManager.java:338 - Create new Keyspace: KeyspaceMetadata{name=udacity, params=KeyspaceParams{durable_writes=true, replication=ReplicationParams{class=org.apache.cassandra.locator.SimpleStrategy, replication_factor=1}}, tables=[], views=[], functions=[], types=[]}
INFO  [IndexSummaryManager:1] 2020-05-25 09:39:25,987 IndexSummaryRedistribution.java:78 - Redistributing index summaries
INFO  [Native-Transport-Requests-1] 2020-05-25 09:49:29,124 MigrationManager.java:368 - Create new table: org.apache.cassandra.config.CFMetaData@1250cba1[cfId=35257640-9e19-11ea-bc85-dbacba32291d,ksName=udacity,cfName=music_library,flags=[COMPOUND],params=TableParams{comment=, read_repair_chance=0.0, dclocal_read_repair_chance=0.1, bloom_filter_fp_chance=0.01, crc_check_chance=1.0, gc_grace_seconds=864000, default_time_to_live=0, memtable_flush_period_in_ms=0, min_index_interval=128, max_index_interval=2048, speculative_retry=99PERCENTILE, caching={'keys' : 'ALL', 'rows_per_partition' : 'NONE'}, compaction=CompactionParams{class=org.apache.cassandra.db.compaction.SizeTieredCompactionStrategy, options={min_threshold=4, max_threshold=32}}, compression=org.apache.cassandra.schema.CompressionParams@85664e2c, extensions={}, cdc=false},comparator=comparator(org.apache.cassandra.db.marshal.UTF8Type),partitionColumns=[[] | [album_name]],partitionKeyColumns=[year],clusteringColumns=[artist_name],keyValidator=org.apache.cassandra.db.marshal.Int32Type,columnMetadata=[artist_name, album_name, year],droppedColumns={},triggers=[],indexes=[]]
INFO  [MigrationStage:1] 2020-05-25 09:49:29,223 ColumnFamilyStore.java:427 - Initializing udacity.music_library
WARN  [Native-Transport-Requests-1] 2020-05-25 09:50:31,254 SelectStatement.java:429 - Aggregation query used without partition key
WARN  [Native-Transport-Requests-1] 2020-05-25 09:51:33,957 SelectStatement.java:429 - Aggregation query used without partition key
INFO  [Native-Transport-Requests-1] 2020-05-25 10:05:09,033 MigrationManager.java:511 - Drop table 'udacity/music_library'
INFO  [Native-Transport-Requests-1] 2020-05-25 10:08:16,393 MigrationManager.java:338 - Create new Keyspace: KeyspaceMetadata{name=music_library, params=KeyspaceParams{durable_writes=true, replication=ReplicationParams{class=org.apache.cassandra.locator.SimpleStrategy, replication_factor=1}}, tables=[], views=[], functions=[], types=[]}
INFO  [Native-Transport-Requests-1] 2020-05-25 10:12:52,277 MigrationManager.java:368 - Create new table: org.apache.cassandra.config.CFMetaData@3c9a27d4[cfId=797d9e50-9e1c-11ea-bc85-dbacba32291d,ksName=udacity,cfName=music_library,flags=[COMPOUND],params=TableParams{comment=, read_repair_chance=0.0, dclocal_read_repair_chance=0.1, bloom_filter_fp_chance=0.01, crc_check_chance=1.0, gc_grace_seconds=864000, default_time_to_live=0, memtable_flush_period_in_ms=0, min_index_interval=128, max_index_interval=2048, speculative_retry=99PERCENTILE, caching={'keys' : 'ALL', 'rows_per_partition' : 'NONE'}, compaction=CompactionParams{class=org.apache.cassandra.db.compaction.SizeTieredCompactionStrategy, options={min_threshold=4, max_threshold=32}}, compression=org.apache.cassandra.schema.CompressionParams@85664e2c, extensions={}, cdc=false},comparator=comparator(org.apache.cassandra.db.marshal.UTF8Type),partitionColumns=[[] | [album_name single song_title]],partitionKeyColumns=[year],clusteringColumns=[artist_name],keyValidator=org.apache.cassandra.db.marshal.Int32Type,columnMetadata=[artist_name, album_name, song_title, single, year],droppedColumns={},triggers=[],indexes=[]]
INFO  [MigrationStage:1] 2020-05-25 10:12:52,486 ColumnFamilyStore.java:427 - Initializing udacity.music_library
INFO  [IndexSummaryManager:1] 2020-05-25 10:39:25,958 IndexSummaryRedistribution.java:78 - Redistributing index summaries
INFO  [IndexSummaryManager:1] 2020-05-25 11:39:25,935 IndexSummaryRedistribution.java:78 - Redistributing index summaries
INFO  [CompactionExecutor:241] 2020-05-25 12:39:25,092 AutoSavingCache.java:395 - Saved KeyCache (18 items) in 5 ms
INFO  [IndexSummaryManager:1] 2020-05-25 12:39:25,948 IndexSummaryRedistribution.java:78 - Redistributing index summaries
INFO  [IndexSummaryManager:1] 2020-05-25 14:10:53,342 IndexSummaryRedistribution.java:78 - Redistributing index summaries
INFO  [IndexSummaryManager:1] 2020-05-25 15:21:41,263 IndexSummaryRedistribution.java:78 - Redistributing index summaries
INFO  [Service Thread] 2020-05-25 16:21:17,283 GCInspector.java:285 - ParNew GC in 244ms.  CMS Old Gen: 33079096 -> 33179000; Par Eden Space: 335544320 -> 0; Par Survivor Space: 5994480 -> 9560344
INFO  [IndexSummaryManager:1] 2020-05-25 16:21:54,003 IndexSummaryRedistribution.java:78 - Redistributing index summaries
INFO  [CompactionExecutor:272] 2020-05-25 17:55:39,547 AutoSavingCache.java:395 - Saved KeyCache (23 items) in 14 ms
INFO  [IndexSummaryManager:1] 2020-05-25 17:55:40,554 IndexSummaryRedistribution.java:78 - Redistributing index summaries
INFO  [IndexSummaryManager:1] 2020-05-25 18:55:40,728 IndexSummaryRedistribution.java:78 - Redistributing index summaries
INFO  [IndexSummaryManager:1] 2020-05-25 19:55:40,762 IndexSummaryRedistribution.java:78 - Redistributing index summaries
INFO  [IndexSummaryManager:1] 2020-05-25 21:27:53,818 IndexSummaryRedistribution.java:78 - Redistributing index summaries
INFO  [CompactionExecutor:333] 2020-05-25 22:27:53,871 AutoSavingCache.java:395 - Saved KeyCache (24 items) in 11 ms
INFO  [IndexSummaryManager:1] 2020-05-25 22:27:55,225 IndexSummaryRedistribution.java:78 - Redistributing index summaries
INFO  [IndexSummaryManager:1] 2020-05-25 23:27:55,200 IndexSummaryRedistribution.java:78 - Redistributing index summaries
INFO  [IndexSummaryManager:1] 2020-05-26 01:10:52,053 IndexSummaryRedistribution.java:78 - Redistributing index summaries
INFO  [IndexSummaryManager:1] 2020-05-26 02:10:52,127 IndexSummaryRedistribution.java:78 - Redistributing index summaries
INFO  [CompactionExecutor:517] 2020-05-26 03:10:50,615 AutoSavingCache.java:395 - Saved KeyCache (25 items) in 7 ms
INFO  [IndexSummaryManager:1] 2020-05-26 03:10:52,159 IndexSummaryRedistribution.java:78 - Redistributing index summaries
INFO  [IndexSummaryManager:1] 2020-05-26 04:10:52,110 IndexSummaryRedistribution.java:78 - Redistributing index summaries
INFO  [IndexSummaryManager:1] 2020-05-26 05:10:52,142 IndexSummaryRedistribution.java:78 - Redistributing index summaries
INFO  [IndexSummaryManager:1] 2020-05-26 06:10:52,157 IndexSummaryRedistribution.java:78 - Redistributing index summaries
INFO  [CompactionExecutor:731] 2020-05-26 07:10:50,477 AutoSavingCache.java:395 - Saved KeyCache (28 items) in 13 ms
INFO  [IndexSummaryManager:1] 2020-05-26 07:10:52,171 IndexSummaryRedistribution.java:78 - Redistributing index summaries
INFO  [IndexSummaryManager:1] 2020-05-26 08:10:52,147 IndexSummaryRedistribution.java:78 - Redistributing index summaries
INFO  [IndexSummaryManager:1] 2020-05-26 09:10:52,156 IndexSummaryRedistribution.java:78 - Redistributing index summaries
INFO  [IndexSummaryManager:1] 2020-05-26 10:10:52,144 IndexSummaryRedistribution.java:78 - Redistributing index summaries
INFO  [CompactionExecutor:860] 2020-05-26 11:10:50,329 AutoSavingCache.java:395 - Saved KeyCache (29 items) in 9 ms
INFO  [IndexSummaryManager:1] 2020-05-26 11:10:52,154 IndexSummaryRedistribution.java:78 - Redistributing index summaries
INFO  [IndexSummaryManager:1] 2020-05-26 12:10:52,123 IndexSummaryRedistribution.java:78 - Redistributing index summaries
INFO  [IndexSummaryManager:1] 2020-05-26 13:40:16,512 IndexSummaryRedistribution.java:78 - Redistributing index summaries
INFO  [IndexSummaryManager:1] 2020-05-26 14:40:17,240 IndexSummaryRedistribution.java:78 - Redistributing index summaries
INFO  [CompactionExecutor:918] 2020-05-26 16:17:35,221 AutoSavingCache.java:395 - Saved KeyCache (31 items) in 13 ms
INFO  [IndexSummaryManager:1] 2020-05-26 16:17:37,264 IndexSummaryRedistribution.java:78 - Redistributing index summaries
INFO  [IndexSummaryManager:1] 2020-05-26 17:17:37,250 IndexSummaryRedistribution.java:78 - Redistributing index summaries
INFO  [IndexSummaryManager:1] 2020-05-26 18:50:27,767 IndexSummaryRedistribution.java:78 - Redistributing index summaries
INFO  [IndexSummaryManager:1] 2020-05-26 19:50:27,766 IndexSummaryRedistribution.java:78 - Redistributing index summaries
INFO  [CompactionExecutor:1059] 2020-05-26 20:50:25,585 AutoSavingCache.java:395 - Saved KeyCache (33 items) in 14 ms
INFO  [IndexSummaryManager:1] 2020-05-26 20:50:27,762 IndexSummaryRedistribution.java:78 - Redistributing index summaries
INFO  [IndexSummaryManager:1] 2020-05-26 22:11:25,083 IndexSummaryRedistribution.java:78 - Redistributing index summaries
INFO  [IndexSummaryManager:1] 2020-05-26 23:11:25,094 IndexSummaryRedistribution.java:78 - Redistributing index summaries
INFO  [IndexSummaryManager:1] 2020-05-27 00:11:25,102 IndexSummaryRedistribution.java:78 - Redistributing index summaries
INFO  [CompactionExecutor:1173] 2020-05-27 01:43:06,190 AutoSavingCache.java:395 - Saved KeyCache (35 items) in 36 ms
INFO  [IndexSummaryManager:1] 2020-05-27 01:43:08,506 IndexSummaryRedistribution.java:78 - Redistributing index summaries
INFO  [IndexSummaryManager:1] 2020-05-27 02:43:08,640 IndexSummaryRedistribution.java:78 - Redistributing index summaries
INFO  [IndexSummaryManager:1] 2020-05-27 03:43:08,623 IndexSummaryRedistribution.java:78 - Redistributing index summaries
INFO  [IndexSummaryManager:1] 2020-05-27 04:43:08,628 IndexSummaryRedistribution.java:78 - Redistributing index summaries
INFO  [CompactionExecutor:1446] 2020-05-27 05:43:06,026 AutoSavingCache.java:395 - Saved KeyCache (36 items) in 4 ms
INFO  [IndexSummaryManager:1] 2020-05-27 05:43:08,631 IndexSummaryRedistribution.java:78 - Redistributing index summaries
INFO  [IndexSummaryManager:1] 2020-05-27 06:43:08,599 IndexSummaryRedistribution.java:78 - Redistributing index summaries
INFO  [IndexSummaryManager:1] 2020-05-27 07:43:08,590 IndexSummaryRedistribution.java:78 - Redistributing index summaries
INFO  [IndexSummaryManager:1] 2020-05-27 08:43:08,582 IndexSummaryRedistribution.java:78 - Redistributing index summaries
INFO  [CompactionExecutor:1651] 2020-05-27 09:43:06,018 AutoSavingCache.java:395 - Saved KeyCache (39 items) in 50 ms
INFO  [IndexSummaryManager:1] 2020-05-27 09:43:08,590 IndexSummaryRedistribution.java:78 - Redistributing index summaries
INFO  [IndexSummaryManager:1] 2020-05-27 10:43:08,628 IndexSummaryRedistribution.java:78 - Redistributing index summaries
INFO  [IndexSummaryManager:1] 2020-05-27 11:43:08,699 IndexSummaryRedistribution.java:78 - Redistributing index summaries
INFO  [Service Thread] 2020-05-27 12:08:50,462 GCInspector.java:285 - ParNew GC in 275ms.  CMS Old Gen: 48265496 -> 48321504; Par Eden Space: 335544320 -> 0; Par Survivor Space: 9349608 -> 10744064
INFO  [IndexSummaryManager:1] 2020-05-27 12:43:08,768 IndexSummaryRedistribution.java:78 - Redistributing index summaries
INFO  [CompactionExecutor:1786] 2020-05-27 13:43:05,850 AutoSavingCache.java:395 - Saved KeyCache (40 items) in 32 ms
INFO  [IndexSummaryManager:1] 2020-05-27 13:43:08,795 IndexSummaryRedistribution.java:78 - Redistributing index summaries
INFO  [IndexSummaryManager:1] 2020-05-27 14:43:08,772 IndexSummaryRedistribution.java:78 - Redistributing index summaries
INFO  [IndexSummaryManager:1] 2020-05-27 16:02:11,137 IndexSummaryRedistribution.java:78 - Redistributing index summaries
INFO  [IndexSummaryManager:1] 2020-05-27 17:02:11,319 IndexSummaryRedistribution.java:78 - Redistributing index summaries
INFO  [CompactionExecutor:1949] 2020-05-27 18:04:55,558 AutoSavingCache.java:395 - Saved KeyCache (41 items) in 41 ms
INFO  [IndexSummaryManager:1] 2020-05-27 18:04:58,867 IndexSummaryRedistribution.java:78 - Redistributing index summaries
INFO  [IndexSummaryManager:1] 2020-05-27 19:04:58,841 IndexSummaryRedistribution.java:78 - Redistributing index summaries
INFO  [IndexSummaryManager:1] 2020-05-27 20:04:58,842 IndexSummaryRedistribution.java:78 - Redistributing index summaries
INFO  [IndexSummaryManager:1] 2020-05-27 21:44:26,495 IndexSummaryRedistribution.java:78 - Redistributing index summaries
INFO  [CompactionExecutor:2107] 2020-05-27 22:44:23,043 AutoSavingCache.java:395 - Saved KeyCache (44 items) in 6 ms
INFO  [IndexSummaryManager:1] 2020-05-27 22:44:26,486 IndexSummaryRedistribution.java:78 - Redistributing index summaries
INFO  [IndexSummaryManager:1] 2020-05-27 23:44:26,454 IndexSummaryRedistribution.java:78 - Redistributing index summaries
INFO  [IndexSummaryManager:1] 2020-05-28 01:21:27,413 IndexSummaryRedistribution.java:78 - Redistributing index summaries
INFO  [IndexSummaryManager:1] 2020-05-28 02:21:27,409 IndexSummaryRedistribution.java:78 - Redistributing index summaries
INFO  [CompactionExecutor:2349] 2020-05-28 03:21:23,788 AutoSavingCache.java:395 - Saved KeyCache (45 items) in 6 ms
INFO  [IndexSummaryManager:1] 2020-05-28 03:21:27,401 IndexSummaryRedistribution.java:78 - Redistributing index summaries
INFO  [IndexSummaryManager:1] 2020-05-28 04:21:27,386 IndexSummaryRedistribution.java:78 - Redistributing index summaries
INFO  [IndexSummaryManager:1] 2020-05-28 05:21:27,376 IndexSummaryRedistribution.java:78 - Redistributing index summaries
INFO  [IndexSummaryManager:1] 2020-05-28 06:21:27,365 IndexSummaryRedistribution.java:78 - Redistributing index summaries
INFO  [CompactionExecutor:2612] 2020-05-28 07:21:23,655 AutoSavingCache.java:395 - Saved KeyCache (47 items) in 3 ms
INFO  [IndexSummaryManager:1] 2020-05-28 07:21:27,362 IndexSummaryRedistribution.java:78 - Redistributing index summaries
INFO  [IndexSummaryManager:1] 2020-05-28 08:21:27,347 IndexSummaryRedistribution.java:78 - Redistributing index summaries
INFO  [IndexSummaryManager:1] 2020-05-28 09:21:27,340 IndexSummaryRedistribution.java:78 - Redistributing index summaries
INFO  [IndexSummaryManager:1] 2020-05-28 10:21:27,339 IndexSummaryRedistribution.java:78 - Redistributing index summaries
INFO  [CompactionExecutor:2866] 2020-05-28 11:21:23,527 AutoSavingCache.java:395 - Saved KeyCache (49 items) in 12 ms
INFO  [IndexSummaryManager:1] 2020-05-28 11:21:27,343 IndexSummaryRedistribution.java:78 - Redistributing index summaries
INFO  [IndexSummaryManager:1] 2020-05-28 13:28:24,688 IndexSummaryRedistribution.java:78 - Redistributing index summaries
INFO  [IndexSummaryManager:1] 2020-05-28 14:28:24,737 IndexSummaryRedistribution.java:78 - Redistributing index summaries
INFO  [IndexSummaryManager:1] 2020-05-28 15:52:27,090 IndexSummaryRedistribution.java:78 - Redistributing index summaries
INFO  [CompactionExecutor:3058] 2020-05-28 17:30:24,745 AutoSavingCache.java:395 - Saved KeyCache (51 items) in 49 ms
INFO  [IndexSummaryManager:1] 2020-05-28 17:30:28,830 IndexSummaryRedistribution.java:78 - Redistributing index summaries
INFO  [IndexSummaryManager:1] 2020-05-28 18:30:28,800 IndexSummaryRedistribution.java:78 - Redistributing index summaries
INFO  [IndexSummaryManager:1] 2020-05-28 19:30:28,799 IndexSummaryRedistribution.java:78 - Redistributing index summaries
INFO  [IndexSummaryManager:1] 2020-05-28 21:04:38,759 IndexSummaryRedistribution.java:78 - Redistributing index summaries
INFO  [CompactionExecutor:3301] 2020-05-28 22:04:34,877 AutoSavingCache.java:395 - Saved KeyCache (52 items) in 168 ms
INFO  [IndexSummaryManager:1] 2020-05-28 22:04:38,766 IndexSummaryRedistribution.java:78 - Redistributing index summaries
INFO  [IndexSummaryManager:1] 2020-05-28 23:04:38,763 IndexSummaryRedistribution.java:78 - Redistributing index summaries
INFO  [IndexSummaryManager:1] 2020-05-29 00:04:38,886 IndexSummaryRedistribution.java:78 - Redistributing index summaries
INFO  [Service Thread] 2020-05-29 00:53:10,147 GCInspector.java:285 - ParNew GC in 696ms.  CMS Old Gen: 59947272 -> 61045368; Par Eden Space: 335544320 -> 0; Par Survivor Space: 6276360 -> 6621536
INFO  [IndexSummaryManager:1] 2020-05-29 01:38:51,985 IndexSummaryRedistribution.java:78 - Redistributing index summaries
INFO  [CompactionExecutor:3474] 2020-05-29 02:38:47,429 AutoSavingCache.java:395 - Saved KeyCache (55 items) in 94 ms
INFO  [IndexSummaryManager:1] 2020-05-29 02:38:51,988 IndexSummaryRedistribution.java:78 - Redistributing index summaries
INFO  [IndexSummaryManager:1] 2020-05-29 03:38:51,975 IndexSummaryRedistribution.java:78 - Redistributing index summaries
INFO  [IndexSummaryManager:1] 2020-05-29 04:38:51,978 IndexSummaryRedistribution.java:78 - Redistributing index summaries
INFO  [IndexSummaryManager:1] 2020-05-29 05:38:51,974 IndexSummaryRedistribution.java:78 - Redistributing index summaries
INFO  [CompactionExecutor:3743] 2020-05-29 06:38:47,208 AutoSavingCache.java:395 - Saved KeyCache (56 items) in 3 ms
INFO  [IndexSummaryManager:1] 2020-05-29 06:38:51,957 IndexSummaryRedistribution.java:78 - Redistributing index summaries
INFO  [IndexSummaryManager:1] 2020-05-29 07:38:51,933 IndexSummaryRedistribution.java:78 - Redistributing index summaries
INFO  [IndexSummaryManager:1] 2020-05-29 08:38:51,926 IndexSummaryRedistribution.java:78 - Redistributing index summaries
INFO  [IndexSummaryManager:1] 2020-05-29 09:38:51,966 IndexSummaryRedistribution.java:78 - Redistributing index summaries
INFO  [CompactionExecutor:4016] 2020-05-29 10:38:47,134 AutoSavingCache.java:395 - Saved KeyCache (57 items) in 44 ms
INFO  [IndexSummaryManager:1] 2020-05-29 10:38:51,998 IndexSummaryRedistribution.java:78 - Redistributing index summaries
INFO  [IndexSummaryManager:1] 2020-05-29 12:06:55,787 IndexSummaryRedistribution.java:78 - Redistributing index summaries
INFO  [IndexSummaryManager:1] 2020-05-29 13:34:37,580 IndexSummaryRedistribution.java:78 - Redistributing index summaries
INFO  [IndexSummaryManager:1] 2020-05-29 14:34:37,668 IndexSummaryRedistribution.java:78 - Redistributing index summaries
INFO  [IndexSummaryManager:1] 2020-05-29 15:47:10,750 IndexSummaryRedistribution.java:78 - Redistributing index summaries
INFO  [CompactionExecutor:4158] 2020-05-29 15:47:15,241 AutoSavingCache.java:395 - Saved KeyCache (60 items) in 4479 ms
WARN  [Service Thread] 2020-05-29 16:32:24,240 GCInspector.java:283 - ParNew GC in 1822ms.  CMS Old Gen: 65792760 -> 65806704; Par Eden Space: 335544320 -> 0; Par Survivor Space: 7272096 -> 7851888
INFO  [Service Thread] 2020-05-29 16:32:25,836 StatusLogger.java:47 - Pool Name                    Active   Pending      Completed   Blocked  All Time Blocked
INFO  [Service Thread] 2020-05-29 16:32:31,389 StatusLogger.java:51 - MutationStage                     0         0              5         0                 0

INFO  [Service Thread] 2020-05-29 16:32:31,393 StatusLogger.java:51 - ViewMutationStage                 0         0              0         0                 0

INFO  [Service Thread] 2020-05-29 16:32:31,400 StatusLogger.java:51 - ReadStage                         0         0             98         0                 0

INFO  [Service Thread] 2020-05-29 16:32:31,400 StatusLogger.java:51 - RequestResponseStage              0         0              0         0                 0

INFO  [Service Thread] 2020-05-29 16:32:31,513 StatusLogger.java:51 - ReadRepairStage                   0         0              0         0                 0

INFO  [Service Thread] 2020-05-29 16:32:32,199 StatusLogger.java:51 - CounterMutationStage              0         0              0         0                 0

INFO  [Service Thread] 2020-05-29 16:32:32,199 StatusLogger.java:51 - MiscStage                         0         0              0         0                 0

INFO  [Service Thread] 2020-05-29 16:32:32,237 StatusLogger.java:51 - CompactionExecutor                0         0         217231         0                 0

INFO  [Service Thread] 2020-05-29 16:32:32,241 StatusLogger.java:51 - MemtableReclaimMemory             0         0            274         0                 0

INFO  [Service Thread] 2020-05-29 16:32:32,243 StatusLogger.java:51 - PendingRangeCalculator            0         0              1         0                 0

INFO  [Service Thread] 2020-05-29 16:32:32,300 StatusLogger.java:51 - GossipStage                       0         0              0         0                 0

INFO  [Service Thread] 2020-05-29 16:32:32,302 StatusLogger.java:51 - SecondaryIndexManagement          0         0              0         0                 0

INFO  [Service Thread] 2020-05-29 16:32:32,326 StatusLogger.java:51 - HintsDispatcher                   0         0              0         0                 0

INFO  [Service Thread] 2020-05-29 16:32:32,334 StatusLogger.java:51 - MigrationStage                    0         0              6         0                 0

INFO  [Service Thread] 2020-05-29 16:32:32,357 StatusLogger.java:51 - MemtablePostFlush                 0         0            314         0                 0

INFO  [Service Thread] 2020-05-29 16:32:32,357 StatusLogger.java:51 - PerDiskMemtableFlushWriter_0         0         0            274         0                 0

INFO  [Service Thread] 2020-05-29 16:32:32,368 StatusLogger.java:51 - ValidationExecutor                0         0              0         0                 0

INFO  [Service Thread] 2020-05-29 16:32:32,372 StatusLogger.java:51 - Sampler                           0         0              0         0                 0

INFO  [Service Thread] 2020-05-29 16:32:32,373 StatusLogger.java:51 - MemtableFlushWriter               0         0            274         0                 0

INFO  [Service Thread] 2020-05-29 16:32:32,396 StatusLogger.java:51 - InternalResponseStage             0         0              0         0                 0

INFO  [Service Thread] 2020-05-29 16:32:32,398 StatusLogger.java:51 - AntiEntropyStage                  0         0              0         0                 0

INFO  [Service Thread] 2020-05-29 16:32:32,490 StatusLogger.java:51 - CacheCleanupExecutor              0         0              0         0                 0

INFO  [Service Thread] 2020-05-29 16:32:32,500 StatusLogger.java:51 - Native-Transport-Requests         0         0            290         0                 0

INFO  [Service Thread] 2020-05-29 16:32:32,572 StatusLogger.java:61 - CompactionManager                 0         0
INFO  [Service Thread] 2020-05-29 16:32:32,589 StatusLogger.java:73 - MessagingService                n/a       0/0
INFO  [Service Thread] 2020-05-29 16:32:32,608 StatusLogger.java:83 - Cache Type                     Size                 Capacity               KeysToSave
INFO  [Service Thread] 2020-05-29 16:32:32,626 StatusLogger.java:85 - KeyCache                       5832                104857600                      all
INFO  [Service Thread] 2020-05-29 16:32:32,627 StatusLogger.java:91 - RowCache                          0                        0                      all
INFO  [Service Thread] 2020-05-29 16:32:32,627 StatusLogger.java:98 - Table                       Memtable ops,data
INFO  [Service Thread] 2020-05-29 16:32:32,661 StatusLogger.java:101 - system_distributed.parent_repair_history                 0,0
INFO  [Service Thread] 2020-05-29 16:32:32,661 StatusLogger.java:101 - system_distributed.repair_history                 0,0
INFO  [Service Thread] 2020-05-29 16:32:32,661 StatusLogger.java:101 - system_distributed.view_build_status                 0,0
INFO  [Service Thread] 2020-05-29 16:32:32,661 StatusLogger.java:101 - system.compaction_history                 0,0
INFO  [Service Thread] 2020-05-29 16:32:32,661 StatusLogger.java:101 - system.schema_aggregates                  0,0
INFO  [Service Thread] 2020-05-29 16:32:32,674 StatusLogger.java:101 - system.schema_triggers                    0,0
INFO  [Service Thread] 2020-05-29 16:32:32,674 StatusLogger.java:101 - system.size_estimates            10320,313396
INFO  [Service Thread] 2020-05-29 16:32:32,674 StatusLogger.java:101 - system.paxos                              0,0
INFO  [Service Thread] 2020-05-29 16:32:32,674 StatusLogger.java:101 - system.views_builds_in_progress                 0,0
INFO  [Service Thread] 2020-05-29 16:32:32,674 StatusLogger.java:101 - system.batches                            0,0
INFO  [Service Thread] 2020-05-29 16:32:32,674 StatusLogger.java:101 - system.schema_keyspaces                   0,0
INFO  [Service Thread] 2020-05-29 16:32:32,674 StatusLogger.java:101 - system.sstable_activity                  4,85
INFO  [Service Thread] 2020-05-29 16:32:32,678 StatusLogger.java:101 - system.batchlog                           0,0
INFO  [Service Thread] 2020-05-29 16:32:32,678 StatusLogger.java:101 - system.schema_columns                     0,0
INFO  [Service Thread] 2020-05-29 16:32:32,691 StatusLogger.java:101 - system.hints                              0,0
INFO  [Service Thread] 2020-05-29 16:32:32,694 StatusLogger.java:101 - system.IndexInfo                          0,0
INFO  [Service Thread] 2020-05-29 16:32:32,694 StatusLogger.java:101 - system.schema_columnfamilies                 0,0
INFO  [Service Thread] 2020-05-29 16:32:32,708 StatusLogger.java:101 - system.schema_functions                   0,0
INFO  [Service Thread] 2020-05-29 16:32:32,708 StatusLogger.java:101 - system.built_views                        0,0
INFO  [Service Thread] 2020-05-29 16:32:32,708 StatusLogger.java:101 - system.peer_events                        0,0
INFO  [Service Thread] 2020-05-29 16:32:32,710 StatusLogger.java:101 - system.range_xfers                        0,0
INFO  [Service Thread] 2020-05-29 16:32:32,718 StatusLogger.java:101 - system.peers                              0,0
INFO  [Service Thread] 2020-05-29 16:32:32,720 StatusLogger.java:101 - system.transferred_ranges                 0,0
INFO  [Service Thread] 2020-05-29 16:32:32,720 StatusLogger.java:101 - system.schema_usertypes                   0,0
INFO  [Service Thread] 2020-05-29 16:32:32,720 StatusLogger.java:101 - system.local                              0,0
INFO  [Service Thread] 2020-05-29 16:32:32,721 StatusLogger.java:101 - system.available_ranges                   0,0
INFO  [Service Thread] 2020-05-29 16:32:32,721 StatusLogger.java:101 - system.prepared_statements                 0,0
INFO  [Service Thread] 2020-05-29 16:32:32,721 StatusLogger.java:101 - system_schema.columns                     0,0
INFO  [Service Thread] 2020-05-29 16:32:32,722 StatusLogger.java:101 - system_schema.types                       0,0
INFO  [Service Thread] 2020-05-29 16:32:32,722 StatusLogger.java:101 - system_schema.indexes                     0,0
INFO  [Service Thread] 2020-05-29 16:32:32,722 StatusLogger.java:101 - system_schema.keyspaces                   0,0
INFO  [Service Thread] 2020-05-29 16:32:32,722 StatusLogger.java:101 - system_schema.dropped_columns                 0,0
INFO  [Service Thread] 2020-05-29 16:32:32,722 StatusLogger.java:101 - system_schema.aggregates                  0,0
INFO  [Service Thread] 2020-05-29 16:32:32,722 StatusLogger.java:101 - system_schema.triggers                    0,0
INFO  [Service Thread] 2020-05-29 16:32:32,722 StatusLogger.java:101 - system_schema.tables                      0,0
INFO  [Service Thread] 2020-05-29 16:32:32,723 StatusLogger.java:101 - system_schema.views                       0,0
INFO  [Service Thread] 2020-05-29 16:32:32,723 StatusLogger.java:101 - system_schema.functions                   0,0
INFO  [Service Thread] 2020-05-29 16:32:32,724 StatusLogger.java:101 - udacity.music_library                   2,235
INFO  [Service Thread] 2020-05-29 16:32:32,725 StatusLogger.java:101 - system_auth.roles                         0,0
INFO  [Service Thread] 2020-05-29 16:32:32,725 StatusLogger.java:101 - system_auth.role_members                  0,0
INFO  [Service Thread] 2020-05-29 16:32:32,725 StatusLogger.java:101 - system_auth.resource_role_permissons_index                 0,0
INFO  [Service Thread] 2020-05-29 16:32:32,725 StatusLogger.java:101 - system_auth.role_permissions                 0,0
INFO  [Service Thread] 2020-05-29 16:32:32,725 StatusLogger.java:101 - system_traces.sessions                    0,0
INFO  [Service Thread] 2020-05-29 16:32:32,725 StatusLogger.java:101 - system_traces.events                      0,0
INFO  [IndexSummaryManager:1] 2020-05-29 16:47:23,283 IndexSummaryRedistribution.java:78 - Redistributing index summaries
INFO  [IndexSummaryManager:1] 2020-05-29 18:02:21,658 IndexSummaryRedistribution.java:78 - Redistributing index summaries
INFO  [Service Thread] 2020-05-29 18:49:34,954 GCInspector.java:285 - ParNew GC in 235ms.  CMS Old Gen: 65806704 -> 66960200; Par Eden Space: 335544320 -> 0; Par Survivor Space: 7851888 -> 8108320
INFO  [IndexSummaryManager:1] 2020-05-29 19:38:43,382 IndexSummaryRedistribution.java:78 - Redistributing index summaries
INFO  [CompactionExecutor:4314] 2020-05-29 20:38:21,181 AutoSavingCache.java:395 - Saved KeyCache (61 items) in 77 ms
INFO  [IndexSummaryManager:1] 2020-05-29 20:38:43,382 IndexSummaryRedistribution.java:78 - Redistributing index summaries
INFO  [IndexSummaryManager:1] 2020-05-29 21:48:25,858 IndexSummaryRedistribution.java:78 - Redistributing index summaries
